Loading data from data/1d_timeframe/binance/train/binance_ETH_USDT_1d_train.csv
Total data points: 1583

Training model for timeframe 5 days...

--- Training ML Model for Timeframe 5 ---
Total signal events for ML (5d): 261
Performing feature selection...
Dropped due to high correlation: ['donchian_width_rel_60']
Features remaining after correlation filter: 16
Dropped due to low mutual information: ['stochk_14_3_3', 'plus_di_14', 'minus_di_14', 'ema_20_ratio']
Final selected features: 12
Calculated scale_pos_weight: 1.37
Starting hyperparameter tuning with Optuna...
Optuna best AUC: 0.7194
Optuna best params: {'n_estimators': 600, 'learning_rate': 0.035751567899873306, 'num_leaves': 34, 'max_depth': 10, 'reg_alpha': 0.04624867942338424, 'reg_lambda': 0.23313988445114786, 'colsample_bytree': 0.7153582528374672, 'subsample': 0.7865143047001498, 'min_child_samples': 9}
Training final LightGBM model with best parameters...
Model saved to models/model_5d.joblib
--- ML Model Training Complete ---

Training model for timeframe 10 days...

--- Training ML Model for Timeframe 10 ---
Total signal events for ML (10d): 261
Performing feature selection...
Dropped due to high correlation: ['donchian_width_rel_60']
Features remaining after correlation filter: 16
Dropped due to low mutual information: ['stochk_14_3_3', 'plus_di_14', 'minus_di_14', 'ema_20_ratio']
Final selected features: 12
Calculated scale_pos_weight: 1.37
Starting hyperparameter tuning with Optuna...
Optuna best AUC: 0.7378
Optuna best params: {'n_estimators': 700, 'learning_rate': 0.013518368704509318, 'num_leaves': 79, 'max_depth': 9, 'reg_alpha': 0.6653814767565015, 'reg_lambda': 5.820315948863995e-07, 'colsample_bytree': 0.7798025367827593, 'subsample': 0.6606844045042876, 'min_child_samples': 8}
Training final LightGBM model with best parameters...
Model saved to models/model_10d.joblib
--- ML Model Training Complete ---

Training model for timeframe 20 days...

--- Training ML Model for Timeframe 20 ---
Total signal events for ML (20d): 261
Performing feature selection...
Dropped due to high correlation: ['donchian_width_rel_60']
Features remaining after correlation filter: 16
Dropped due to low mutual information: ['stochk_14_3_3', 'plus_di_14', 'minus_di_14', 'ema_20_ratio']
Final selected features: 12
Calculated scale_pos_weight: 1.37
Starting hyperparameter tuning with Optuna...
Optuna best AUC: 0.7390
Optuna best params: {'n_estimators': 1000, 'learning_rate': 0.014374116893948598, 'num_leaves': 44, 'max_depth': 9, 'reg_alpha': 0.48015396896966045, 'reg_lambda': 3.7141077096005966e-05, 'colsample_bytree': 0.7845245646171103, 'subsample': 0.7149064810374287, 'min_child_samples': 8}
Training final LightGBM model with best parameters...
Model saved to models/model_20d.joblib
--- ML Model Training Complete ---

Training model for timeframe 30 days...

--- Training ML Model for Timeframe 30 ---
Total signal events for ML (30d): 261
Performing feature selection...
Dropped due to high correlation: ['donchian_width_rel_60']
Features remaining after correlation filter: 16
Dropped due to low mutual information: ['stochk_14_3_3', 'plus_di_14', 'minus_di_14', 'ema_20_ratio']
Final selected features: 12
Calculated scale_pos_weight: 1.37
Starting hyperparameter tuning with Optuna...
Optuna best AUC: 0.7329
Optuna best params: {'n_estimators': 900, 'learning_rate': 0.02085076695933644, 'num_leaves': 71, 'max_depth': 8, 'reg_alpha': 0.11801109771042571, 'reg_lambda': 0.5780929578827172, 'colsample_bytree': 0.7124142203827114, 'subsample': 0.9046907187695687, 'min_child_samples': 8}
Training final LightGBM model with best parameters...
Model saved to models/model_30d.joblib
--- ML Model Training Complete ---

Training model for timeframe 60 days...

--- Training ML Model for Timeframe 60 ---
Total signal events for ML (60d): 261
Performing feature selection...
Dropped due to high correlation: ['donchian_width_rel_60']
Features remaining after correlation filter: 16
Dropped due to low mutual information: ['stochk_14_3_3', 'plus_di_14', 'minus_di_14', 'ema_20_ratio']
Final selected features: 12
Calculated scale_pos_weight: 1.37
Starting hyperparameter tuning with Optuna...
Optuna best AUC: 0.7351
Optuna best params: {'n_estimators': 800, 'learning_rate': 0.016124038670929146, 'num_leaves': 36, 'max_depth': 9, 'reg_alpha': 0.09236662612737741, 'reg_lambda': 0.5770639668278372, 'colsample_bytree': 0.7218334705818241, 'subsample': 0.975149424113996, 'min_child_samples': 8}
Training final LightGBM model with best parameters...
Model saved to models/model_60d.joblib
--- ML Model Training Complete ---

Training model for timeframe 90 days...

--- Training ML Model for Timeframe 90 ---
Total signal events for ML (90d): 261
Performing feature selection...
Dropped due to high correlation: ['donchian_width_rel_60']
Features remaining after correlation filter: 16
Dropped due to low mutual information: ['stochk_14_3_3', 'plus_di_14', 'minus_di_14', 'ema_20_ratio']
Final selected features: 12
Calculated scale_pos_weight: 1.37
Starting hyperparameter tuning with Optuna...
Optuna best AUC: 0.7364
Optuna best params: {'n_estimators': 200, 'learning_rate': 0.023473266265276023, 'num_leaves': 89, 'max_depth': 9, 'reg_alpha': 4.740540353210898e-05, 'reg_lambda': 0.5883316803153912, 'colsample_bytree': 0.7487151090200286, 'subsample': 0.8984016934196087, 'min_child_samples': 8}
Training final LightGBM model with best parameters...
Model saved to models/model_90d.joblib
--- ML Model Training Complete ---

Training model for timeframe 150 days...

--- Training ML Model for Timeframe 150 ---
Total signal events for ML (150d): 261
Performing feature selection...
Dropped due to high correlation: ['donchian_width_rel_60']
Features remaining after correlation filter: 16
Dropped due to low mutual information: ['stochk_14_3_3', 'plus_di_14', 'minus_di_14', 'ema_20_ratio']
Final selected features: 12
Calculated scale_pos_weight: 1.37
Starting hyperparameter tuning with Optuna...
Optuna best AUC: 0.7379
Optuna best params: {'n_estimators': 900, 'learning_rate': 0.01868903961384408, 'num_leaves': 53, 'max_depth': 6, 'reg_alpha': 0.632119706959184, 'reg_lambda': 0.023585543749051592, 'colsample_bytree': 0.7747327814796596, 'subsample': 0.6764061816153328, 'min_child_samples': 8}
Training final LightGBM model with best parameters...
Model saved to models/model_150d.joblib
--- ML Model Training Complete ---

Training model for timeframe 250 days...

--- Training ML Model for Timeframe 250 ---
Total signal events for ML (250d): 261
Performing feature selection...
Dropped due to high correlation: ['donchian_width_rel_60']
Features remaining after correlation filter: 16
Dropped due to low mutual information: ['stochk_14_3_3', 'plus_di_14', 'minus_di_14', 'ema_20_ratio']
Final selected features: 12
Calculated scale_pos_weight: 1.37
Starting hyperparameter tuning with Optuna...
Optuna best AUC: 0.7299
Optuna best params: {'n_estimators': 400, 'learning_rate': 0.023705468454350974, 'num_leaves': 57, 'max_depth': 9, 'reg_alpha': 1.645470780275939e-06, 'reg_lambda': 1.0171905900693293e-08, 'colsample_bytree': 0.7675479620832109, 'subsample': 0.685761593551958, 'min_child_samples': 9}
Training final LightGBM model with best parameters...
Model saved to models/model_250d.joblib
--- ML Model Training Complete ---

Training model for timeframe 360 days...

--- Training ML Model for Timeframe 360 ---
Total signal events for ML (360d): 261
Performing feature selection...
Dropped due to high correlation: ['donchian_width_rel_60']
Features remaining after correlation filter: 16
Dropped due to low mutual information: ['stochk_14_3_3', 'plus_di_14', 'minus_di_14', 'ema_20_ratio']
Final selected features: 12
Calculated scale_pos_weight: 1.37
Starting hyperparameter tuning with Optuna...
Optuna best AUC: 0.7363
Optuna best params: {'n_estimators': 500, 'learning_rate': 0.03869801821404496, 'num_leaves': 27, 'max_depth': 9, 'reg_alpha': 2.8522983472304607e-05, 'reg_lambda': 0.4377600194500593, 'colsample_bytree': 0.7507164959527978, 'subsample': 0.8518569157313198, 'min_child_samples': 9}
Training final LightGBM model with best parameters...
Model saved to models/model_360d.joblib
--- ML Model Training Complete ---

All models trained successfully!
